[ 2017-07-15T19:17:01+08:00 ] 127.0.0.1 /index.php/home/user/getweixinopenid?orderid=0082b9f14ed340b7a77a9544f177d963
INFO: [ app_init ] --START--
INFO: Run Behavior\BuildLiteBehavior [ RunTime:0.000015s ]
INFO: [ app_init ] --END-- [ RunTime:0.000309s ]
INFO: [ app_begin ] --START--
INFO: Run Behavior\ReadHtmlCacheBehavior [ RunTime:0.000474s ]
INFO: [ app_begin ] --END-- [ RunTime:0.000525s ]
INFO: [ app_end ] --START--
INFO: Run Behavior\ShowPageTraceBehavior [ RunTime:0.000480s ]
INFO: [ app_end ] --END-- [ RunTime:0.000532s ]

[ 2017-07-15T19:17:02+08:00 ] 127.0.0.1 /index.php/home/user/dopay?orderid=0082b9f14ed340b7a77a9544f177d963&code=061E0MfS1VkJz91ZLPeS1iVHfS1E0Mfb&state=weixinpay
INFO: [ app_init ] --START--
INFO: Run Behavior\BuildLiteBehavior [ RunTime:0.000015s ]
INFO: [ app_init ] --END-- [ RunTime:0.000343s ]
INFO: [ app_begin ] --START--
INFO: Run Behavior\ReadHtmlCacheBehavior [ RunTime:0.000537s ]
INFO: [ app_begin ] --END-- [ RunTime:0.000588s ]
SQL: SHOW COLUMNS FROM `admin_systemconfig` [ RunTime:0.001848s ]
SQL: SELECT `configValue` FROM `admin_systemconfig` LIMIT 1   [ RunTime:0.000222s ]

[ 2017-07-15T19:17:03+08:00 ] 127.0.0.1 /index.php/home/user/pay1?appId=wx4113125cf12116f8&nonceStr=cbf9d5ef5ba74f849a8c010641dea075%09%09&package=prepay_id=wx2017071519170210066bd3650382695429&paySign=15E41ACAA82FDACA857160D750177AED%09%09&signType=MD5&timeStamp=1500117422
INFO: [ app_init ] --START--
INFO: Run Behavior\BuildLiteBehavior [ RunTime:0.000015s ]
INFO: [ app_init ] --END-- [ RunTime:0.000316s ]
INFO: [ app_begin ] --START--
INFO: Run Behavior\ReadHtmlCacheBehavior [ RunTime:0.000477s ]
INFO: [ app_begin ] --END-- [ RunTime:0.000528s ]
INFO: [ view_parse ] --START--
INFO: [ template_filter ] --START--
INFO: Run Behavior\ContentReplaceBehavior [ RunTime:0.000049s ]
INFO: [ template_filter ] --END-- [ RunTime:0.000090s ]
NOTIC: [8] Undefined variable: orderId C:\php\qscjushop\Application\Runtime\Cache\Home\2ec744c9296d584dc0bdc662b0db03c9.php 第 30 行.
NOTIC: [8] Undefined variable: sumprice C:\php\qscjushop\Application\Runtime\Cache\Home\2ec744c9296d584dc0bdc662b0db03c9.php 第 41 行.
INFO: Run Behavior\ParseTemplateBehavior [ RunTime:0.004971s ]
INFO: [ view_parse ] --END-- [ RunTime:0.005015s ]
INFO: [ view_filter ] --START--
INFO: Run Behavior\WriteHtmlCacheBehavior [ RunTime:0.000243s ]
INFO: [ view_filter ] --END-- [ RunTime:0.000278s ]
INFO: [ app_end ] --START--
INFO: Run Behavior\ShowPageTraceBehavior [ RunTime:0.000504s ]
INFO: [ app_end ] --END-- [ RunTime:0.000542s ]

[ 2017-07-15T19:17:11+08:00 ] 127.0.0.1 /index.php/home/user/getweixinopenid?orderid=0082b9f14ed340b7a77a9544f177d963
INFO: [ app_init ] --START--
INFO: Run Behavior\BuildLiteBehavior [ RunTime:0.000014s ]
INFO: [ app_init ] --END-- [ RunTime:0.000297s ]
INFO: [ app_begin ] --START--
INFO: Run Behavior\ReadHtmlCacheBehavior [ RunTime:0.000448s ]
INFO: [ app_begin ] --END-- [ RunTime:0.000496s ]
INFO: [ app_end ] --START--
INFO: Run Behavior\ShowPageTraceBehavior [ RunTime:0.000461s ]
INFO: [ app_end ] --END-- [ RunTime:0.000508s ]

[ 2017-07-15T19:17:12+08:00 ] 127.0.0.1 /index.php/home/user/dopay?orderid=0082b9f14ed340b7a77a9544f177d963
INFO: [ app_init ] --START--
INFO: Run Behavior\BuildLiteBehavior [ RunTime:0.000014s ]
INFO: [ app_init ] --END-- [ RunTime:0.000296s ]
INFO: [ app_begin ] --START--
INFO: Run Behavior\ReadHtmlCacheBehavior [ RunTime:0.000455s ]
INFO: [ app_begin ] --END-- [ RunTime:0.000503s ]
SQL: SHOW COLUMNS FROM `admin_systemconfig` [ RunTime:0.002457s ]
SQL: SELECT `configValue` FROM `admin_systemconfig` LIMIT 1   [ RunTime:0.000207s ]
NOTIC: [8] Undefined index: code C:\php\qscjushop\Application\Home\Controller\UserController.class.php 第 1086 行.
NOTIC: [8] Undefined index: token C:\php\qscjushop\Application\Home\Controller\UserController.class.php 第 1095 行.
NOTIC: [8] Undefined index: openid C:\php\qscjushop\Application\Home\Controller\UserController.class.php 第 1095 行.
NOTIC: [8] Undefined index: weixinPayJsp C:\php\qscjushop\Application\Home\Controller\UserController.class.php 第 1104 行.
NOTIC: [8] Undefined index: weixinPayJsp C:\php\qscjushop\Application\Home\Controller\UserController.class.php 第 1104 行.
NOTIC: [8] Undefined index: weixinPayJsp C:\php\qscjushop\Application\Home\Controller\UserController.class.php 第 1105 行.
NOTIC: [8] Undefined index: weixinPayJsp C:\php\qscjushop\Application\Home\Controller\UserController.class.php 第 1105 行.
NOTIC: [8] Undefined index: weixinPayJsp C:\php\qscjushop\Application\Home\Controller\UserController.class.php 第 1106 行.
NOTIC: [8] Undefined index: weixinPayJsp C:\php\qscjushop\Application\Home\Controller\UserController.class.php 第 1106 行.

[ 2017-07-15T19:17:12+08:00 ] 127.0.0.1 /index.php/home/user/pay1?appId=&nonceStr=&package=&paySign=&signType=&timeStamp=
INFO: [ app_init ] --START--
INFO: Run Behavior\BuildLiteBehavior [ RunTime:0.000014s ]
INFO: [ app_init ] --END-- [ RunTime:0.000292s ]
INFO: [ app_begin ] --START--
INFO: Run Behavior\ReadHtmlCacheBehavior [ RunTime:0.000446s ]
INFO: [ app_begin ] --END-- [ RunTime:0.000495s ]
INFO: [ view_parse ] --START--
INFO: [ template_filter ] --START--
INFO: Run Behavior\ContentReplaceBehavior [ RunTime:0.000048s ]
INFO: [ template_filter ] --END-- [ RunTime:0.000089s ]
NOTIC: [8] Undefined variable: orderId C:\php\qscjushop\Application\Runtime\Cache\Home\2ec744c9296d584dc0bdc662b0db03c9.php 第 30 行.
NOTIC: [8] Undefined variable: sumprice C:\php\qscjushop\Application\Runtime\Cache\Home\2ec744c9296d584dc0bdc662b0db03c9.php 第 41 行.
NOTIC: [8] Undefined variable: appId C:\php\qscjushop\Application\Runtime\Cache\Home\2ec744c9296d584dc0bdc662b0db03c9.php 第 55 行.
NOTIC: [8] Undefined variable: timeStamp C:\php\qscjushop\Application\Runtime\Cache\Home\2ec744c9296d584dc0bdc662b0db03c9.php 第 56 行.
NOTIC: [8] Undefined variable: nonceStr C:\php\qscjushop\Application\Runtime\Cache\Home\2ec744c9296d584dc0bdc662b0db03c9.php 第 57 行.
NOTIC: [8] Undefined variable: package C:\php\qscjushop\Application\Runtime\Cache\Home\2ec744c9296d584dc0bdc662b0db03c9.php 第 58 行.
NOTIC: [8] Undefined variable: signType C:\php\qscjushop\Application\Runtime\Cache\Home\2ec744c9296d584dc0bdc662b0db03c9.php 第 59 行.
NOTIC: [8] Undefined variable: paySign C:\php\qscjushop\Application\Runtime\Cache\Home\2ec744c9296d584dc0bdc662b0db03c9.php 第 60 行.
INFO: Run Behavior\ParseTemplateBehavior [ RunTime:0.004623s ]
INFO: [ view_parse ] --END-- [ RunTime:0.004663s ]
INFO: [ view_filter ] --START--
INFO: Run Behavior\WriteHtmlCacheBehavior [ RunTime:0.000178s ]
INFO: [ view_filter ] --END-- [ RunTime:0.000212s ]
INFO: [ app_end ] --START--
INFO: Run Behavior\ShowPageTraceBehavior [ RunTime:0.000435s ]
INFO: [ app_end ] --END-- [ RunTime:0.000474s ]

[ 2017-07-15T19:17:13+08:00 ] 127.0.0.1 /index.php/home/user/pay1?appId=wx4113125cf12116f8&nonceStr=cbf9d5ef5ba74f849a8c010641dea075%09%09&package=prepay_id=wx2017071519170210066bd3650382695429&paySign=15E41ACAA82FDACA857160D750177AED%09%09&signType=MD5&timeStamp=1500117422
INFO: [ app_init ] --START--
INFO: Run Behavior\BuildLiteBehavior [ RunTime:0.000015s ]
INFO: [ app_init ] --END-- [ RunTime:0.000315s ]
INFO: [ app_begin ] --START--
INFO: Run Behavior\ReadHtmlCacheBehavior [ RunTime:0.000470s ]
INFO: [ app_begin ] --END-- [ RunTime:0.000520s ]
INFO: [ view_parse ] --START--
INFO: [ template_filter ] --START--
INFO: Run Behavior\ContentReplaceBehavior [ RunTime:0.000056s ]
INFO: [ template_filter ] --END-- [ RunTime:0.000103s ]
NOTIC: [8] Undefined variable: orderId C:\php\qscjushop\Application\Runtime\Cache\Home\2ec744c9296d584dc0bdc662b0db03c9.php 第 30 行.
NOTIC: [8] Undefined variable: sumprice C:\php\qscjushop\Application\Runtime\Cache\Home\2ec744c9296d584dc0bdc662b0db03c9.php 第 41 行.
INFO: Run Behavior\ParseTemplateBehavior [ RunTime:0.005338s ]
INFO: [ view_parse ] --END-- [ RunTime:0.005386s ]
INFO: [ view_filter ] --START--
INFO: Run Behavior\WriteHtmlCacheBehavior [ RunTime:0.000232s ]
INFO: [ view_filter ] --END-- [ RunTime:0.000272s ]
INFO: [ app_end ] --START--
INFO: Run Behavior\ShowPageTraceBehavior [ RunTime:0.000500s ]
INFO: [ app_end ] --END-- [ RunTime:0.000543s ]

[ 2017-07-15T19:17:16+08:00 ] 127.0.0.1 /index.php/home/user/weixin?code=001Mon0H1ba2L500Nx0H1bpm0H1Mon0o&state=userLogin_login
INFO: [ app_init ] --START--
INFO: Run Behavior\BuildLiteBehavior [ RunTime:0.000015s ]
INFO: [ app_init ] --END-- [ RunTime:0.000308s ]
INFO: [ app_begin ] --START--
INFO: Run Behavior\ReadHtmlCacheBehavior [ RunTime:0.000462s ]
INFO: [ app_begin ] --END-- [ RunTime:0.000512s ]
SQL: SHOW COLUMNS FROM `admin_systemconfig` [ RunTime:0.002440s ]
SQL: SELECT `configValue` FROM `admin_systemconfig` LIMIT 1   [ RunTime:0.000200s ]
SQL: SHOW COLUMNS FROM `user_account` [ RunTime:0.001739s ]
SQL: SELECT * FROM `user_account` WHERE `whatOpenid` = 'oroJl0VAVu3EyUQCy1Nixu7fnPcY' LIMIT 1   [ RunTime:0.000259s ]

[ 2017-07-15T19:17:18+08:00 ] 127.0.0.1 /index.php/Home/index/index.html
INFO: [ app_init ] --START--
INFO: Run Behavior\BuildLiteBehavior [ RunTime:0.000014s ]
INFO: [ app_init ] --END-- [ RunTime:0.000296s ]
INFO: [ app_begin ] --START--
INFO: Run Behavior\ReadHtmlCacheBehavior [ RunTime:0.000446s ]
INFO: [ app_begin ] --END-- [ RunTime:0.000495s ]
SQL: SHOW COLUMNS FROM `banner_ad_info` [ RunTime:0.001840s ]
SQL: SELECT * FROM banner_ad_info bai INNER JOIN banner_ad_position bad ON bad.id=bai.positionId  WHERE bai.isNotDelete = 1 AND bai.positionId = 1  [ RunTime:0.000371s ]
SQL: SELECT * FROM banner_ad_info bai INNER JOIN banner_ad_position bad ON bad.id=bai.positionId  WHERE bai.isNotDelete = 1 AND bai.positionId = 2  [ RunTime:0.000255s ]
SQL: SHOW COLUMNS FROM `goods_meublebasic` [ RunTime:0.001669s ]
SQL: SELECT * FROM `goods_meublebasic` WHERE `isNotNew` = 1  [ RunTime:0.000267s ]
SQL: SELECT * FROM `goods_meublebasic` WHERE `isNotTeJia` = 1  [ RunTime:0.000202s ]
SQL: SELECT * FROM `goods_meublebasic` WHERE `isNotPreface` = 1  [ RunTime:0.000216s ]
SQL: SELECT * FROM `goods_meublebasic` WHERE `isNotActif` = 1  [ RunTime:0.000187s ]
SQL: SHOW COLUMNS FROM `article` [ RunTime:0.001528s ]
SQL: SELECT * FROM `article`  [ RunTime:0.000172s ]
SQL: SELECT * FROM `goods_meublebasic`  [ RunTime:0.000201s ]
INFO: [ view_parse ] --START--
INFO: [ template_filter ] --START--
INFO: Run Behavior\ContentReplaceBehavior [ RunTime:0.000115s ]
INFO: [ template_filter ] --END-- [ RunTime:0.000163s ]
INFO: Run Behavior\ParseTemplateBehavior [ RunTime:0.014789s ]
INFO: [ view_parse ] --END-- [ RunTime:0.014837s ]
INFO: [ view_filter ] --START--
INFO: Run Behavior\WriteHtmlCacheBehavior [ RunTime:0.000195s ]
INFO: [ view_filter ] --END-- [ RunTime:0.000228s ]
INFO: [ app_end ] --START--
INFO: Run Behavior\ShowPageTraceBehavior [ RunTime:0.000439s ]
INFO: [ app_end ] --END-- [ RunTime:0.000480s ]

[ 2017-07-15T19:17:20+08:00 ] 127.0.0.1 /index.php/Home/user/userinfo.html
INFO: [ app_init ] --START--
INFO: Run Behavior\BuildLiteBehavior [ RunTime:0.000014s ]
INFO: [ app_init ] --END-- [ RunTime:0.000310s ]
INFO: [ app_begin ] --START--
INFO: Run Behavior\ReadHtmlCacheBehavior [ RunTime:0.000459s ]
INFO: [ app_begin ] --END-- [ RunTime:0.000509s ]
SQL: SHOW COLUMNS FROM `user_info` [ RunTime:0.001854s ]
SQL: SELECT * FROM `user_info` WHERE `id` = '2f273c1f25e648d08f62be259cc45093' LIMIT 1   [ RunTime:0.000349s ]
SQL: SHOW COLUMNS FROM `user_account` [ RunTime:0.001337s ]
SQL: SELECT * FROM `user_account` WHERE `id` = '2f273c1f25e648d08f62be259cc45093' LIMIT 1   [ RunTime:0.000249s ]
SQL: SHOW COLUMNS FROM `user_member_order_info` [ RunTime:0.001740s ]
SQL: SELECT COUNT(*) AS tp_count FROM `user_member_order_info` WHERE `ordreType` = 0 AND `userId` = '2f273c1f25e648d08f62be259cc45093' LIMIT 1   [ RunTime:0.000256s ]
SQL: SELECT COUNT(*) AS tp_count FROM `user_member_order_info` WHERE ( ordreType >=1 and ordreType <=5 and userId='2f273c1f25e648d08f62be259cc45093' ) LIMIT 1   [ RunTime:0.000218s ]
SQL: SELECT COUNT(*) AS tp_count FROM `user_member_order_info` WHERE ( ordreType =6   and userId='2f273c1f25e648d08f62be259cc45093' ) LIMIT 1   [ RunTime:0.000216s ]
SQL: SHOW COLUMNS FROM `user_meubleorder_return` [ RunTime:0.001629s ]
SQL: SELECT COUNT(*) AS tp_count FROM user_meubleorder_return umr INNER JOIN user_meubleorder_details umd ON umd.id=umr.valueTexts INNER JOIN user_member_order_info umi ON umi.id=umr.orderId  WHERE umi.userId = '2f273c1f25e648d08f62be259cc45093' LIMIT 1   [ RunTime:0.000203s ]
INFO: [ view_parse ] --START--
INFO: [ template_filter ] --START--
INFO: Run Behavior\ContentReplaceBehavior [ RunTime:0.000084s ]
INFO: [ template_filter ] --END-- [ RunTime:0.000126s ]
INFO: Run Behavior\ParseTemplateBehavior [ RunTime:0.008559s ]
INFO: [ view_parse ] --END-- [ RunTime:0.008618s ]
INFO: [ view_filter ] --START--
INFO: Run Behavior\WriteHtmlCacheBehavior [ RunTime:0.000190s ]
INFO: [ view_filter ] --END-- [ RunTime:0.000224s ]
INFO: [ app_end ] --START--
INFO: Run Behavior\ShowPageTraceBehavior [ RunTime:0.000468s ]
INFO: [ app_end ] --END-- [ RunTime:0.000515s ]

[ 2017-07-15T19:17:23+08:00 ] 127.0.0.1 /index.php/Home/user/set.html
INFO: [ app_init ] --START--
INFO: Run Behavior\BuildLiteBehavior [ RunTime:0.000014s ]
INFO: [ app_init ] --END-- [ RunTime:0.000309s ]
INFO: [ app_begin ] --START--
INFO: Run Behavior\ReadHtmlCacheBehavior [ RunTime:0.000467s ]
INFO: [ app_begin ] --END-- [ RunTime:0.000516s ]
SQL: SHOW COLUMNS FROM `user_account` [ RunTime:0.001683s ]
SQL: SELECT * FROM `user_account` WHERE `id` = '2f273c1f25e648d08f62be259cc45093' LIMIT 1   [ RunTime:0.000261s ]
INFO: [ view_parse ] --START--
INFO: [ template_filter ] --START--
INFO: Run Behavior\ContentReplaceBehavior [ RunTime:0.000052s ]
INFO: [ template_filter ] --END-- [ RunTime:0.000095s ]
INFO: Run Behavior\ParseTemplateBehavior [ RunTime:0.005357s ]
INFO: [ view_parse ] --END-- [ RunTime:0.005406s ]
INFO: [ view_filter ] --START--
INFO: Run Behavior\WriteHtmlCacheBehavior [ RunTime:0.000187s ]
INFO: [ view_filter ] --END-- [ RunTime:0.000222s ]
INFO: [ app_end ] --START--
INFO: Run Behavior\ShowPageTraceBehavior [ RunTime:0.000459s ]
INFO: [ app_end ] --END-- [ RunTime:0.000499s ]

[ 2017-07-15T19:17:24+08:00 ] 127.0.0.1 /index.php/Home/user/loginout.html
INFO: [ app_init ] --START--
INFO: Run Behavior\BuildLiteBehavior [ RunTime:0.000015s ]
INFO: [ app_init ] --END-- [ RunTime:0.000299s ]
INFO: [ app_begin ] --START--
INFO: Run Behavior\ReadHtmlCacheBehavior [ RunTime:0.000463s ]
INFO: [ app_begin ] --END-- [ RunTime:0.000512s ]
INFO: [ app_end ] --START--
INFO: Run Behavior\ShowPageTraceBehavior [ RunTime:0.000471s ]
INFO: [ app_end ] --END-- [ RunTime:0.000519s ]

[ 2017-07-15T19:17:24+08:00 ] 127.0.0.1 /index.php/Home/user/login.html
INFO: [ app_init ] --START--
INFO: Run Behavior\BuildLiteBehavior [ RunTime:0.000015s ]
INFO: [ app_init ] --END-- [ RunTime:0.000316s ]
INFO: [ app_begin ] --START--
INFO: Run Behavior\ReadHtmlCacheBehavior [ RunTime:0.000456s ]
INFO: [ app_begin ] --END-- [ RunTime:0.000506s ]
INFO: [ view_parse ] --START--
INFO: [ template_filter ] --START--
INFO: Run Behavior\ContentReplaceBehavior [ RunTime:0.000051s ]
INFO: [ template_filter ] --END-- [ RunTime:0.000096s ]
INFO: Run Behavior\ParseTemplateBehavior [ RunTime:0.004815s ]
INFO: [ view_parse ] --END-- [ RunTime:0.004863s ]
INFO: [ view_filter ] --START--
INFO: Run Behavior\WriteHtmlCacheBehavior [ RunTime:0.000188s ]
INFO: [ view_filter ] --END-- [ RunTime:0.000223s ]
INFO: [ app_end ] --START--
INFO: Run Behavior\ShowPageTraceBehavior [ RunTime:0.000445s ]
INFO: [ app_end ] --END-- [ RunTime:0.000483s ]

[ 2017-07-15T19:17:41+08:00 ] 127.0.0.1 /index.php/Home/user/dologin.html
INFO: [ app_init ] --START--
INFO: Run Behavior\BuildLiteBehavior [ RunTime:0.000014s ]
INFO: [ app_init ] --END-- [ RunTime:0.000313s ]
INFO: [ app_begin ] --START--
INFO: Run Behavior\ReadHtmlCacheBehavior [ RunTime:0.000448s ]
INFO: [ app_begin ] --END-- [ RunTime:0.000494s ]
SQL: SHOW COLUMNS FROM `admin_systemconfig` [ RunTime:0.001827s ]
SQL: SELECT `configValue` FROM `admin_systemconfig` LIMIT 1   [ RunTime:0.000215s ]

[ 2017-07-15T19:17:42+08:00 ] 127.0.0.1 /index.php/Home/index/index.html
INFO: [ app_init ] --START--
INFO: Run Behavior\BuildLiteBehavior [ RunTime:0.000015s ]
INFO: [ app_init ] --END-- [ RunTime:0.000302s ]
INFO: [ app_begin ] --START--
INFO: Run Behavior\ReadHtmlCacheBehavior [ RunTime:0.000495s ]
INFO: [ app_begin ] --END-- [ RunTime:0.000544s ]
SQL: SHOW COLUMNS FROM `banner_ad_info` [ RunTime:0.001763s ]
SQL: SELECT * FROM banner_ad_info bai INNER JOIN banner_ad_position bad ON bad.id=bai.positionId  WHERE bai.isNotDelete = 1 AND bai.positionId = 1  [ RunTime:0.000346s ]
SQL: SELECT * FROM banner_ad_info bai INNER JOIN banner_ad_position bad ON bad.id=bai.positionId  WHERE bai.isNotDelete = 1 AND bai.positionId = 2  [ RunTime:0.000231s ]
SQL: SHOW COLUMNS FROM `goods_meublebasic` [ RunTime:0.001465s ]
SQL: SELECT * FROM `goods_meublebasic` WHERE `isNotNew` = 1  [ RunTime:0.000243s ]
SQL: SELECT * FROM `goods_meublebasic` WHERE `isNotTeJia` = 1  [ RunTime:0.000177s ]
SQL: SELECT * FROM `goods_meublebasic` WHERE `isNotPreface` = 1  [ RunTime:0.000193s ]
SQL: SELECT * FROM `goods_meublebasic` WHERE `isNotActif` = 1  [ RunTime:0.000175s ]
SQL: SHOW COLUMNS FROM `article` [ RunTime:0.001301s ]
SQL: SELECT * FROM `article`  [ RunTime:0.000162s ]
SQL: SELECT * FROM `goods_meublebasic`  [ RunTime:0.000190s ]
INFO: [ view_parse ] --START--
INFO: [ template_filter ] --START--
INFO: Run Behavior\ContentReplaceBehavior [ RunTime:0.000119s ]
INFO: [ template_filter ] --END-- [ RunTime:0.000165s ]
INFO: Run Behavior\ParseTemplateBehavior [ RunTime:0.014987s ]
INFO: [ view_parse ] --END-- [ RunTime:0.015033s ]
INFO: [ view_filter ] --START--
INFO: Run Behavior\WriteHtmlCacheBehavior [ RunTime:0.000195s ]
INFO: [ view_filter ] --END-- [ RunTime:0.000230s ]
INFO: [ app_end ] --START--
INFO: Run Behavior\ShowPageTraceBehavior [ RunTime:0.000467s ]
INFO: [ app_end ] --END-- [ RunTime:0.000511s ]

[ 2017-07-15T19:17:45+08:00 ] 127.0.0.1 /index.php/Home/user/userinfo.html
INFO: [ app_init ] --START--
INFO: Run Behavior\BuildLiteBehavior [ RunTime:0.000014s ]
INFO: [ app_init ] --END-- [ RunTime:0.000321s ]
INFO: [ app_begin ] --START--
INFO: Run Behavior\ReadHtmlCacheBehavior [ RunTime:0.000463s ]
INFO: [ app_begin ] --END-- [ RunTime:0.000514s ]
SQL: SHOW COLUMNS FROM `user_info` [ RunTime:0.002049s ]
SQL: SELECT * FROM `user_info` WHERE `id` = 'e60d4259ab2a4d87868bd6cf0c965d0f' LIMIT 1   [ RunTime:0.000373s ]
SQL: SHOW COLUMNS FROM `user_account` [ RunTime:0.001488s ]
SQL: SELECT * FROM `user_account` WHERE `id` = 'e60d4259ab2a4d87868bd6cf0c965d0f' LIMIT 1   [ RunTime:0.000192s ]
SQL: SHOW COLUMNS FROM `user_member_order_info` [ RunTime:0.001645s ]
SQL: SELECT COUNT(*) AS tp_count FROM `user_member_order_info` WHERE `ordreType` = 0 AND `userId` = 'e60d4259ab2a4d87868bd6cf0c965d0f' LIMIT 1   [ RunTime:0.000249s ]
SQL: SELECT COUNT(*) AS tp_count FROM `user_member_order_info` WHERE ( ordreType >=1 and ordreType <=5 and userId='e60d4259ab2a4d87868bd6cf0c965d0f' ) LIMIT 1   [ RunTime:0.000278s ]
SQL: SELECT COUNT(*) AS tp_count FROM `user_member_order_info` WHERE ( ordreType =6   and userId='e60d4259ab2a4d87868bd6cf0c965d0f' ) LIMIT 1   [ RunTime:0.000241s ]
SQL: SHOW COLUMNS FROM `user_meubleorder_return` [ RunTime:0.001495s ]
SQL: SELECT COUNT(*) AS tp_count FROM user_meubleorder_return umr INNER JOIN user_meubleorder_details umd ON umd.id=umr.valueTexts INNER JOIN user_member_order_info umi ON umi.id=umr.orderId  WHERE umi.userId = 'e60d4259ab2a4d87868bd6cf0c965d0f' LIMIT 1   [ RunTime:0.000213s ]
INFO: [ view_parse ] --START--
INFO: [ template_filter ] --START--
INFO: Run Behavior\ContentReplaceBehavior [ RunTime:0.000089s ]
INFO: [ template_filter ] --END-- [ RunTime:0.000134s ]
INFO: Run Behavior\ParseTemplateBehavior [ RunTime:0.009170s ]
INFO: [ view_parse ] --END-- [ RunTime:0.009236s ]
INFO: [ view_filter ] --START--
INFO: Run Behavior\WriteHtmlCacheBehavior [ RunTime:0.000231s ]
INFO: [ view_filter ] --END-- [ RunTime:0.000272s ]
INFO: [ app_end ] --START--
INFO: Run Behavior\ShowPageTraceBehavior [ RunTime:0.000523s ]
INFO: [ app_end ] --END-- [ RunTime:0.000580s ]

[ 2017-07-15T19:17:50+08:00 ] 127.0.0.1 /index.php/Home/user/goodyun.html
INFO: [ app_init ] --START--
INFO: Run Behavior\BuildLiteBehavior [ RunTime:0.000015s ]
INFO: [ app_init ] --END-- [ RunTime:0.000300s ]
INFO: [ app_begin ] --START--
INFO: Run Behavior\ReadHtmlCacheBehavior [ RunTime:0.000468s ]
INFO: [ app_begin ] --END-- [ RunTime:0.000517s ]
SQL: SHOW COLUMNS FROM `installer_freightordre` [ RunTime:0.002038s ]
SQL: SELECT * FROM `installer_freightordre` WHERE `freightOrdreId` = 'e60d4259ab2a4d87868bd6cf0c965d0f' ORDER BY createTime desc  [ RunTime:0.000381s ]
NOTIC: [2] Invalid argument supplied for foreach() C:\php\qscjushop\Application\Home\Controller\UserController.class.php 第 1511 行.
INFO: [ view_parse ] --START--
INFO: [ template_filter ] --START--
INFO: Run Behavior\ContentReplaceBehavior [ RunTime:0.000130s ]
INFO: [ template_filter ] --END-- [ RunTime:0.000180s ]
INFO: Run Behavior\ParseTemplateBehavior [ RunTime:0.019456s ]
INFO: [ view_parse ] --END-- [ RunTime:0.019504s ]
INFO: [ view_filter ] --START--
INFO: Run Behavior\WriteHtmlCacheBehavior [ RunTime:0.000200s ]
INFO: [ view_filter ] --END-- [ RunTime:0.000243s ]
INFO: [ app_end ] --START--
INFO: Run Behavior\ShowPageTraceBehavior [ RunTime:0.000486s ]
INFO: [ app_end ] --END-- [ RunTime:0.000529s ]

[ 2017-07-15T19:17:58+08:00 ] 127.0.0.1 /index.php/Home/user/moneymange.html
INFO: [ app_init ] --START--
INFO: Run Behavior\BuildLiteBehavior [ RunTime:0.000014s ]
INFO: [ app_init ] --END-- [ RunTime:0.000308s ]
INFO: [ app_begin ] --START--
INFO: Run Behavior\ReadHtmlCacheBehavior [ RunTime:0.000463s ]
INFO: [ app_begin ] --END-- [ RunTime:0.000511s ]
SQL: SHOW COLUMNS FROM `user_finance` [ RunTime:0.002245s ]
SQL: SELECT * FROM `user_finance` WHERE `id` = 'e60d4259ab2a4d87868bd6cf0c965d0f' LIMIT 1   [ RunTime:0.000293s ]
INFO: [ view_parse ] --START--
INFO: [ template_filter ] --START--
INFO: Run Behavior\ContentReplaceBehavior [ RunTime:0.000049s ]
INFO: [ template_filter ] --END-- [ RunTime:0.000095s ]
INFO: Run Behavior\ParseTemplateBehavior [ RunTime:0.004905s ]
INFO: [ view_parse ] --END-- [ RunTime:0.004964s ]
INFO: [ view_filter ] --START--
INFO: Run Behavior\WriteHtmlCacheBehavior [ RunTime:0.000195s ]
INFO: [ view_filter ] --END-- [ RunTime:0.000228s ]
INFO: [ app_end ] --START--
INFO: Run Behavior\ShowPageTraceBehavior [ RunTime:0.000441s ]
INFO: [ app_end ] --END-- [ RunTime:0.000481s ]

[ 2017-07-15T19:18:01+08:00 ] 127.0.0.1 /index.php/Home/user/tmoney1.html
INFO: [ app_init ] --START--
INFO: Run Behavior\BuildLiteBehavior [ RunTime:0.000015s ]
INFO: [ app_init ] --END-- [ RunTime:0.000334s ]
INFO: [ app_begin ] --START--
INFO: Run Behavior\ReadHtmlCacheBehavior [ RunTime:0.000538s ]
INFO: [ app_begin ] --END-- [ RunTime:0.000590s ]
INFO: [ view_parse ] --START--
INFO: [ template_filter ] --START--
INFO: Run Behavior\ContentReplaceBehavior [ RunTime:0.000048s ]
INFO: [ template_filter ] --END-- [ RunTime:0.000093s ]
INFO: Run Behavior\ParseTemplateBehavior [ RunTime:0.004888s ]
INFO: [ view_parse ] --END-- [ RunTime:0.004937s ]
INFO: [ view_filter ] --START--
INFO: Run Behavior\WriteHtmlCacheBehavior [ RunTime:0.000246s ]
INFO: [ view_filter ] --END-- [ RunTime:0.000283s ]
INFO: [ app_end ] --START--
INFO: Run Behavior\ShowPageTraceBehavior [ RunTime:0.000533s ]
INFO: [ app_end ] --END-- [ RunTime:0.000573s ]

[ 2017-07-15T19:18:04+08:00 ] 127.0.0.1 /index.php/Home/user/tmoney.html
INFO: [ app_init ] --START--
INFO: Run Behavior\BuildLiteBehavior [ RunTime:0.000015s ]
INFO: [ app_init ] --END-- [ RunTime:0.000314s ]
INFO: [ app_begin ] --START--
INFO: Run Behavior\ReadHtmlCacheBehavior [ RunTime:0.000452s ]
INFO: [ app_begin ] --END-- [ RunTime:0.000501s ]
SQL: SHOW COLUMNS FROM `user_finance` [ RunTime:0.001787s ]
SQL: SELECT * FROM `user_finance` WHERE `id` = 'e60d4259ab2a4d87868bd6cf0c965d0f' LIMIT 1   [ RunTime:0.000296s ]
INFO: [ view_parse ] --START--
INFO: [ template_filter ] --START--
INFO: Run Behavior\ContentReplaceBehavior [ RunTime:0.000072s ]
INFO: [ template_filter ] --END-- [ RunTime:0.000126s ]
INFO: Run Behavior\ParseTemplateBehavior [ RunTime:0.005866s ]
INFO: [ view_parse ] --END-- [ RunTime:0.005922s ]
INFO: [ view_filter ] --START--
INFO: Run Behavior\WriteHtmlCacheBehavior [ RunTime:0.000216s ]
INFO: [ view_filter ] --END-- [ RunTime:0.000261s ]
INFO: [ app_end ] --START--
INFO: Run Behavior\ShowPageTraceBehavior [ RunTime:0.000540s ]
INFO: [ app_end ] --END-- [ RunTime:0.000583s ]

[ 2017-07-15T19:18:08+08:00 ] 127.0.0.1 /index.php/Home/user/moneymange.html
INFO: [ app_init ] --START--
INFO: Run Behavior\BuildLiteBehavior [ RunTime:0.000015s ]
INFO: [ app_init ] --END-- [ RunTime:0.000307s ]
INFO: [ app_begin ] --START--
INFO: Run Behavior\ReadHtmlCacheBehavior [ RunTime:0.000460s ]
INFO: [ app_begin ] --END-- [ RunTime:0.000511s ]
NOTIC: [8] Undefined index: userid C:\php\qscjushop\Application\Home\Controller\UserController.class.php 第 1450 行.
SQL: SHOW COLUMNS FROM `user_finance` [ RunTime:0.001896s ]
SQL: SELECT * FROM `user_finance` WHERE `id` = null LIMIT 1   [ RunTime:0.000227s ]
INFO: [ view_parse ] --START--
INFO: [ template_filter ] --START--
INFO: Run Behavior\ContentReplaceBehavior [ RunTime:0.000047s ]
INFO: [ template_filter ] --END-- [ RunTime:0.000092s ]
INFO: Run Behavior\ParseTemplateBehavior [ RunTime:0.004955s ]
INFO: [ view_parse ] --END-- [ RunTime:0.005004s ]
INFO: [ view_filter ] --START--
INFO: Run Behavior\WriteHtmlCacheBehavior [ RunTime:0.000183s ]
INFO: [ view_filter ] --END-- [ RunTime:0.000219s ]
INFO: [ app_end ] --START--
INFO: Run Behavior\ShowPageTraceBehavior [ RunTime:0.000440s ]
INFO: [ app_end ] --END-- [ RunTime:0.000481s ]

[ 2017-07-15T19:18:11+08:00 ] 127.0.0.1 /index.php/Home/user/tmoney1.html
INFO: [ app_init ] --START--
INFO: Run Behavior\BuildLiteBehavior [ RunTime:0.000015s ]
INFO: [ app_init ] --END-- [ RunTime:0.000300s ]
INFO: [ app_begin ] --START--
INFO: Run Behavior\ReadHtmlCacheBehavior [ RunTime:0.000451s ]
INFO: [ app_begin ] --END-- [ RunTime:0.000502s ]
INFO: [ view_parse ] --START--
INFO: [ template_filter ] --START--
INFO: Run Behavior\ContentReplaceBehavior [ RunTime:0.000055s ]
INFO: [ template_filter ] --END-- [ RunTime:0.000107s ]
INFO: Run Behavior\ParseTemplateBehavior [ RunTime:0.005347s ]
INFO: [ view_parse ] --END-- [ RunTime:0.005405s ]
INFO: [ view_filter ] --START--
INFO: Run Behavior\WriteHtmlCacheBehavior [ RunTime:0.000224s ]
INFO: [ view_filter ] --END-- [ RunTime:0.000264s ]
INFO: [ app_end ] --START--
INFO: Run Behavior\ShowPageTraceBehavior [ RunTime:0.000529s ]
INFO: [ app_end ] --END-- [ RunTime:0.000575s ]

[ 2017-07-15T19:18:14+08:00 ] 127.0.0.1 /index.php/Home/user/tmoney.html
INFO: [ app_init ] --START--
INFO: Run Behavior\BuildLiteBehavior [ RunTime:0.000014s ]
INFO: [ app_init ] --END-- [ RunTime:0.000299s ]
INFO: [ app_begin ] --START--
INFO: Run Behavior\ReadHtmlCacheBehavior [ RunTime:0.000505s ]
INFO: [ app_begin ] --END-- [ RunTime:0.000554s ]
NOTIC: [8] Undefined index: userid C:\php\qscjushop\Application\Home\Controller\UserController.class.php 第 1344 行.
SQL: SHOW COLUMNS FROM `user_finance` [ RunTime:0.001742s ]
SQL: SELECT * FROM `user_finance` WHERE `id` = null LIMIT 1   [ RunTime:0.000235s ]
INFO: [ view_parse ] --START--
INFO: [ template_filter ] --START--
INFO: Run Behavior\ContentReplaceBehavior [ RunTime:0.000095s ]
INFO: [ template_filter ] --END-- [ RunTime:0.000158s ]
INFO: Run Behavior\ParseTemplateBehavior [ RunTime:0.007409s ]
INFO: [ view_parse ] --END-- [ RunTime:0.007482s ]
INFO: [ view_filter ] --START--
INFO: Run Behavior\WriteHtmlCacheBehavior [ RunTime:0.000260s ]
INFO: [ view_filter ] --END-- [ RunTime:0.000314s ]
INFO: [ app_end ] --START--
INFO: Run Behavior\ShowPageTraceBehavior [ RunTime:0.000652s ]
INFO: [ app_end ] --END-- [ RunTime:0.000711s ]

[ 2017-07-15T19:18:17+08:00 ] 127.0.0.1 /index.php/Home/user/tmoney.html
INFO: [ app_init ] --START--
INFO: Run Behavior\BuildLiteBehavior [ RunTime:0.000015s ]
INFO: [ app_init ] --END-- [ RunTime:0.000309s ]
INFO: [ app_begin ] --START--
INFO: Run Behavior\ReadHtmlCacheBehavior [ RunTime:0.000465s ]
INFO: [ app_begin ] --END-- [ RunTime:0.000514s ]
NOTIC: [8] Undefined index: userid C:\php\qscjushop\Application\Home\Controller\UserController.class.php 第 1344 行.
SQL: SHOW COLUMNS FROM `user_finance` [ RunTime:0.001742s ]
SQL: SELECT * FROM `user_finance` WHERE `id` = null LIMIT 1   [ RunTime:0.000219s ]
INFO: [ view_parse ] --START--
INFO: [ template_filter ] --START--
INFO: Run Behavior\ContentReplaceBehavior [ RunTime:0.000063s ]
INFO: [ template_filter ] --END-- [ RunTime:0.000105s ]
INFO: Run Behavior\ParseTemplateBehavior [ RunTime:0.004907s ]
INFO: [ view_parse ] --END-- [ RunTime:0.004951s ]
INFO: [ view_filter ] --START--
INFO: Run Behavior\WriteHtmlCacheBehavior [ RunTime:0.000184s ]
INFO: [ view_filter ] --END-- [ RunTime:0.000226s ]
INFO: [ app_end ] --START--
INFO: Run Behavior\ShowPageTraceBehavior [ RunTime:0.000434s ]
INFO: [ app_end ] --END-- [ RunTime:0.000472s ]

[ 2017-07-15T19:18:17+08:00 ] 127.0.0.1 /index.php/Home/User/login
INFO: [ app_init ] --START--
INFO: Run Behavior\BuildLiteBehavior [ RunTime:0.000014s ]
INFO: [ app_init ] --END-- [ RunTime:0.000293s ]
INFO: [ app_begin ] --START--
INFO: Run Behavior\ReadHtmlCacheBehavior [ RunTime:0.000456s ]
INFO: [ app_begin ] --END-- [ RunTime:0.000505s ]
INFO: [ view_parse ] --START--
INFO: [ template_filter ] --START--
INFO: Run Behavior\ContentReplaceBehavior [ RunTime:0.000059s ]
INFO: [ template_filter ] --END-- [ RunTime:0.000104s ]
INFO: Run Behavior\ParseTemplateBehavior [ RunTime:0.004652s ]
INFO: [ view_parse ] --END-- [ RunTime:0.004705s ]
INFO: [ view_filter ] --START--
INFO: Run Behavior\WriteHtmlCacheBehavior [ RunTime:0.000180s ]
INFO: [ view_filter ] --END-- [ RunTime:0.000214s ]
INFO: [ app_end ] --START--
INFO: Run Behavior\ShowPageTraceBehavior [ RunTime:0.000445s ]
INFO: [ app_end ] --END-- [ RunTime:0.000482s ]

[ 2017-07-15T19:19:07+08:00 ] 127.0.0.1 /index.php/Home/user/applybankmoney.html
INFO: [ app_init ] --START--
INFO: Run Behavior\BuildLiteBehavior [ RunTime:0.000014s ]
INFO: [ app_init ] --END-- [ RunTime:0.000335s ]
INFO: [ app_begin ] --START--
INFO: Run Behavior\ReadHtmlCacheBehavior [ RunTime:0.000605s ]
INFO: [ app_begin ] --END-- [ RunTime:0.000651s ]
SQL: SHOW COLUMNS FROM `admin_systemconfig` [ RunTime:0.001647s ]
SQL: SELECT `configValue` FROM `admin_systemconfig` LIMIT 1   [ RunTime:0.000195s ]

[ 2017-07-15T19:27:37+08:00 ] 127.0.0.1 /index.php/Home/user/tmoney1.html
INFO: [ app_init ] --START--
INFO: Run Behavior\BuildLiteBehavior [ RunTime:0.000014s ]
INFO: [ app_init ] --END-- [ RunTime:0.000325s ]
INFO: [ app_begin ] --START--
INFO: Run Behavior\ReadHtmlCacheBehavior [ RunTime:0.000521s ]
INFO: [ app_begin ] --END-- [ RunTime:0.000571s ]
INFO: [ view_parse ] --START--
INFO: [ template_filter ] --START--
INFO: Run Behavior\ContentReplaceBehavior [ RunTime:0.000047s ]
INFO: [ template_filter ] --END-- [ RunTime:0.000090s ]
INFO: Run Behavior\ParseTemplateBehavior [ RunTime:0.004831s ]
INFO: [ view_parse ] --END-- [ RunTime:0.004886s ]
INFO: [ view_filter ] --START--
INFO: Run Behavior\WriteHtmlCacheBehavior [ RunTime:0.000228s ]
INFO: [ view_filter ] --END-- [ RunTime:0.000264s ]
INFO: [ app_end ] --START--
INFO: Run Behavior\ShowPageTraceBehavior [ RunTime:0.000498s ]
INFO: [ app_end ] --END-- [ RunTime:0.000537s ]

[ 2017-07-15T19:27:39+08:00 ] 127.0.0.1 /index.php/Home/user/tmoney.html
INFO: [ app_init ] --START--
INFO: Run Behavior\BuildLiteBehavior [ RunTime:0.000015s ]
INFO: [ app_init ] --END-- [ RunTime:0.000308s ]
INFO: [ app_begin ] --START--
INFO: Run Behavior\ReadHtmlCacheBehavior [ RunTime:0.000459s ]
INFO: [ app_begin ] --END-- [ RunTime:0.000510s ]
SQL: SHOW COLUMNS FROM `user_finance` [ RunTime:0.001777s ]
SQL: SELECT * FROM `user_finance` WHERE `id` = 'e60d4259ab2a4d87868bd6cf0c965d0f' LIMIT 1   [ RunTime:0.000289s ]
INFO: [ view_parse ] --START--
INFO: [ template_filter ] --START--
INFO: Run Behavior\ContentReplaceBehavior [ RunTime:0.000065s ]
INFO: [ template_filter ] --END-- [ RunTime:0.000110s ]
INFO: Run Behavior\ParseTemplateBehavior [ RunTime:0.004984s ]
INFO: [ view_parse ] --END-- [ RunTime:0.005032s ]
INFO: [ view_filter ] --START--
INFO: Run Behavior\WriteHtmlCacheBehavior [ RunTime:0.000192s ]
INFO: [ view_filter ] --END-- [ RunTime:0.000227s ]
INFO: [ app_end ] --START--
INFO: Run Behavior\ShowPageTraceBehavior [ RunTime:0.000462s ]
INFO: [ app_end ] --END-- [ RunTime:0.000501s ]

[ 2017-07-15T19:34:50+08:00 ] 127.0.0.1 /index.php/Home/user/tmoney.html
INFO: [ app_init ] --START--
INFO: Run Behavior\BuildLiteBehavior [ RunTime:0.000015s ]
INFO: [ app_init ] --END-- [ RunTime:0.000331s ]
INFO: [ app_begin ] --START--
INFO: Run Behavior\ReadHtmlCacheBehavior [ RunTime:0.000529s ]
INFO: [ app_begin ] --END-- [ RunTime:0.000579s ]
SQL: SHOW COLUMNS FROM `user_finance` [ RunTime:0.001716s ]
SQL: SELECT * FROM `user_finance` WHERE `id` = 'e60d4259ab2a4d87868bd6cf0c965d0f' LIMIT 1   [ RunTime:0.000280s ]
INFO: [ view_parse ] --START--
INFO: [ template_filter ] --START--
INFO: Run Behavior\ContentReplaceBehavior [ RunTime:0.000080s ]
INFO: [ template_filter ] --END-- [ RunTime:0.000134s ]
INFO: Run Behavior\ParseTemplateBehavior [ RunTime:0.006041s ]
INFO: [ view_parse ] --END-- [ RunTime:0.006095s ]
INFO: [ view_filter ] --START--
INFO: Run Behavior\WriteHtmlCacheBehavior [ RunTime:0.000265s ]
INFO: [ view_filter ] --END-- [ RunTime:0.000303s ]
INFO: [ app_end ] --START--
INFO: Run Behavior\ShowPageTraceBehavior [ RunTime:0.000503s ]
INFO: [ app_end ] --END-- [ RunTime:0.000545s ]

[ 2017-07-15T21:39:19+08:00 ] 127.0.0.1 /
INFO: [ app_init ] --START--
INFO: Run Behavior\BuildLiteBehavior [ RunTime:0.000015s ]
INFO: [ app_init ] --END-- [ RunTime:0.000323s ]
INFO: [ app_begin ] --START--
INFO: Run Behavior\ReadHtmlCacheBehavior [ RunTime:0.000517s ]
INFO: [ app_begin ] --END-- [ RunTime:0.000567s ]
SQL: SHOW COLUMNS FROM `banner_ad_info` [ RunTime:0.001769s ]
SQL: SELECT * FROM banner_ad_info bai INNER JOIN banner_ad_position bad ON bad.id=bai.positionId  WHERE bai.isNotDelete = 1 AND bai.positionId = 1  [ RunTime:0.000489s ]
SQL: SELECT * FROM banner_ad_info bai INNER JOIN banner_ad_position bad ON bad.id=bai.positionId  WHERE bai.isNotDelete = 1 AND bai.positionId = 2  [ RunTime:0.000657s ]
SQL: SHOW COLUMNS FROM `goods_meublebasic` [ RunTime:0.001645s ]
SQL: SELECT * FROM `goods_meublebasic` WHERE `isNotNew` = 1  [ RunTime:0.000245s ]
SQL: SELECT * FROM `goods_meublebasic` WHERE `isNotTeJia` = 1  [ RunTime:0.000181s ]
SQL: SELECT * FROM `goods_meublebasic` WHERE `isNotPreface` = 1  [ RunTime:0.000191s ]
SQL: SELECT * FROM `goods_meublebasic` WHERE `isNotActif` = 1  [ RunTime:0.000172s ]
SQL: SHOW COLUMNS FROM `article` [ RunTime:0.001471s ]
SQL: SELECT * FROM `article`  [ RunTime:0.000187s ]
SQL: SELECT * FROM `goods_meublebasic`  [ RunTime:0.000226s ]
INFO: [ view_parse ] --START--
INFO: [ template_filter ] --START--
INFO: Run Behavior\ContentReplaceBehavior [ RunTime:0.000114s ]
INFO: [ template_filter ] --END-- [ RunTime:0.000158s ]
INFO: Run Behavior\ParseTemplateBehavior [ RunTime:0.014965s ]
INFO: [ view_parse ] --END-- [ RunTime:0.015011s ]
INFO: [ view_filter ] --START--
INFO: Run Behavior\WriteHtmlCacheBehavior [ RunTime:0.000263s ]
INFO: [ view_filter ] --END-- [ RunTime:0.000297s ]
INFO: [ app_end ] --START--
INFO: Run Behavior\ShowPageTraceBehavior [ RunTime:0.000507s ]
INFO: [ app_end ] --END-- [ RunTime:0.000550s ]

[ 2017-07-15T22:43:01+08:00 ] 127.0.0.1 /
INFO: [ app_init ] --START--
INFO: Run Behavior\BuildLiteBehavior [ RunTime:0.000015s ]
INFO: [ app_init ] --END-- [ RunTime:0.000338s ]
INFO: [ app_begin ] --START--
INFO: Run Behavior\ReadHtmlCacheBehavior [ RunTime:0.000580s ]
INFO: [ app_begin ] --END-- [ RunTime:0.000633s ]
SQL: SHOW COLUMNS FROM `banner_ad_info` [ RunTime:0.002008s ]
SQL: SELECT * FROM banner_ad_info bai INNER JOIN banner_ad_position bad ON bad.id=bai.positionId  WHERE bai.isNotDelete = 1 AND bai.positionId = 1  [ RunTime:0.000516s ]
SQL: SELECT * FROM banner_ad_info bai INNER JOIN banner_ad_position bad ON bad.id=bai.positionId  WHERE bai.isNotDelete = 1 AND bai.positionId = 2  [ RunTime:0.000251s ]
SQL: SHOW COLUMNS FROM `goods_meublebasic` [ RunTime:0.001789s ]
SQL: SELECT * FROM `goods_meublebasic` WHERE `isNotNew` = 1  [ RunTime:0.000262s ]
SQL: SELECT * FROM `goods_meublebasic` WHERE `isNotTeJia` = 1  [ RunTime:0.000201s ]
SQL: SELECT * FROM `goods_meublebasic` WHERE `isNotPreface` = 1  [ RunTime:0.000209s ]
SQL: SELECT * FROM `goods_meublebasic` WHERE `isNotActif` = 1  [ RunTime:0.000182s ]
SQL: SHOW COLUMNS FROM `article` [ RunTime:0.001666s ]
SQL: SELECT * FROM `article`  [ RunTime:0.000184s ]
SQL: SELECT * FROM `goods_meublebasic`  [ RunTime:0.000215s ]
INFO: [ view_parse ] --START--
INFO: [ template_filter ] --START--
INFO: Run Behavior\ContentReplaceBehavior [ RunTime:0.000114s ]
INFO: [ template_filter ] --END-- [ RunTime:0.000158s ]
INFO: Run Behavior\ParseTemplateBehavior [ RunTime:0.015691s ]
INFO: [ view_parse ] --END-- [ RunTime:0.015738s ]
INFO: [ view_filter ] --START--
INFO: Run Behavior\WriteHtmlCacheBehavior [ RunTime:0.000289s ]
INFO: [ view_filter ] --END-- [ RunTime:0.000326s ]
INFO: [ app_end ] --START--
INFO: Run Behavior\ShowPageTraceBehavior [ RunTime:0.000518s ]
INFO: [ app_end ] --END-- [ RunTime:0.000567s ]

[ 2017-07-15T22:45:27+08:00 ] 127.0.0.1 /
INFO: [ app_init ] --START--
INFO: Run Behavior\BuildLiteBehavior [ RunTime:0.000014s ]
INFO: [ app_init ] --END-- [ RunTime:0.000334s ]
INFO: [ app_begin ] --START--
INFO: Run Behavior\ReadHtmlCacheBehavior [ RunTime:0.000531s ]
INFO: [ app_begin ] --END-- [ RunTime:0.000580s ]
SQL: SHOW COLUMNS FROM `banner_ad_info` [ RunTime:0.001687s ]
SQL: SELECT * FROM banner_ad_info bai INNER JOIN banner_ad_position bad ON bad.id=bai.positionId  WHERE bai.isNotDelete = 1 AND bai.positionId = 1  [ RunTime:0.000384s ]
SQL: SELECT * FROM banner_ad_info bai INNER JOIN banner_ad_position bad ON bad.id=bai.positionId  WHERE bai.isNotDelete = 1 AND bai.positionId = 2  [ RunTime:0.000238s ]
SQL: SHOW COLUMNS FROM `goods_meublebasic` [ RunTime:0.001547s ]
SQL: SELECT * FROM `goods_meublebasic` WHERE `isNotNew` = 1  [ RunTime:0.000242s ]
SQL: SELECT * FROM `goods_meublebasic` WHERE `isNotTeJia` = 1  [ RunTime:0.000203s ]
SQL: SELECT * FROM `goods_meublebasic` WHERE `isNotPreface` = 1  [ RunTime:0.000191s ]
SQL: SELECT * FROM `goods_meublebasic` WHERE `isNotActif` = 1  [ RunTime:0.000250s ]
SQL: SHOW COLUMNS FROM `article` [ RunTime:0.001472s ]
SQL: SELECT * FROM `article`  [ RunTime:0.000164s ]
SQL: SELECT * FROM `goods_meublebasic`  [ RunTime:0.000217s ]
INFO: [ view_parse ] --START--
INFO: [ template_filter ] --START--
INFO: Run Behavior\ContentReplaceBehavior [ RunTime:0.000114s ]
INFO: [ template_filter ] --END-- [ RunTime:0.000159s ]
INFO: Run Behavior\ParseTemplateBehavior [ RunTime:0.015684s ]
INFO: [ view_parse ] --END-- [ RunTime:0.015731s ]
INFO: [ view_filter ] --START--
INFO: Run Behavior\WriteHtmlCacheBehavior [ RunTime:0.000254s ]
INFO: [ view_filter ] --END-- [ RunTime:0.000289s ]
INFO: [ app_end ] --START--
INFO: Run Behavior\ShowPageTraceBehavior [ RunTime:0.000531s ]
INFO: [ app_end ] --END-- [ RunTime:0.000580s ]

[ 2017-07-15T23:26:44+08:00 ] 127.0.0.1 /
INFO: [ app_init ] --START--
INFO: Run Behavior\BuildLiteBehavior [ RunTime:0.000015s ]
INFO: [ app_init ] --END-- [ RunTime:0.000328s ]
INFO: [ app_begin ] --START--
INFO: Run Behavior\ReadHtmlCacheBehavior [ RunTime:0.000520s ]
INFO: [ app_begin ] --END-- [ RunTime:0.000579s ]
SQL: SHOW COLUMNS FROM `banner_ad_info` [ RunTime:0.001854s ]
SQL: SELECT * FROM banner_ad_info bai INNER JOIN banner_ad_position bad ON bad.id=bai.positionId  WHERE bai.isNotDelete = 1 AND bai.positionId = 1  [ RunTime:0.000500s ]
SQL: SELECT * FROM banner_ad_info bai INNER JOIN banner_ad_position bad ON bad.id=bai.positionId  WHERE bai.isNotDelete = 1 AND bai.positionId = 2  [ RunTime:0.000232s ]
SQL: SHOW COLUMNS FROM `goods_meublebasic` [ RunTime:0.001702s ]
SQL: SELECT * FROM `goods_meublebasic` WHERE `isNotNew` = 1  [ RunTime:0.000258s ]
SQL: SELECT * FROM `goods_meublebasic` WHERE `isNotTeJia` = 1  [ RunTime:0.000179s ]
SQL: SELECT * FROM `goods_meublebasic` WHERE `isNotPreface` = 1  [ RunTime:0.000189s ]
SQL: SELECT * FROM `goods_meublebasic` WHERE `isNotActif` = 1  [ RunTime:0.000186s ]
SQL: SHOW COLUMNS FROM `article` [ RunTime:0.001453s ]
SQL: SELECT * FROM `article`  [ RunTime:0.000161s ]
SQL: SELECT * FROM `goods_meublebasic`  [ RunTime:0.000195s ]
INFO: [ view_parse ] --START--
INFO: [ template_filter ] --START--
INFO: Run Behavior\ContentReplaceBehavior [ RunTime:0.000127s ]
INFO: [ template_filter ] --END-- [ RunTime:0.000173s ]
INFO: Run Behavior\ParseTemplateBehavior [ RunTime:0.015257s ]
INFO: [ view_parse ] --END-- [ RunTime:0.015304s ]
INFO: [ view_filter ] --START--
INFO: Run Behavior\WriteHtmlCacheBehavior [ RunTime:0.000260s ]
INFO: [ view_filter ] --END-- [ RunTime:0.000296s ]
INFO: [ app_end ] --START--
INFO: Run Behavior\ShowPageTraceBehavior [ RunTime:0.000527s ]
INFO: [ app_end ] --END-- [ RunTime:0.000579s ]

